  InputHandler.cpp
  KeyBoardInputs.cpp
C:\Users\caspe\Documents\GitHub\Tillampad-grafikprogrammering\Uppgift 7\Source\Application\CommonUtilities\KeyBoardInputs.cpp(5,24): warning C4244: 'argument': conversion from 'WPARAM' to 'int', possible loss of data
C:\Users\caspe\Documents\GitHub\Tillampad-grafikprogrammering\Uppgift 7\Source\Application\CommonUtilities\KeyBoardInputs.cpp(8,72): warning C4100: 'lParam': unreferenced formal parameter
C:\Users\caspe\Documents\GitHub\Tillampad-grafikprogrammering\Uppgift 7\Source\Application\CommonUtilities\KeyBoardInputs.cpp(15,65): warning C4100: 'lParam': unreferenced formal parameter
  MouseInput.cpp
C:\Users\caspe\Documents\GitHub\Tillampad-grafikprogrammering\Uppgift 7\Source\Application\CommonUtilities\MouseInput.cpp(4,63): warning C4100: 'lParam': unreferenced formal parameter
C:\Users\caspe\Documents\GitHub\Tillampad-grafikprogrammering\Uppgift 7\Source\Application\CommonUtilities\MouseInput.cpp(19,71): warning C4100: 'lParam': unreferenced formal parameter
C:\Users\caspe\Documents\GitHub\Tillampad-grafikprogrammering\Uppgift 7\Source\Application\CommonUtilities\MouseInput.cpp(62,25): warning C4244: '=': conversion from 'LONG' to '_Ty', possible loss of data
          with
          [
              _Ty=float
          ]
C:\Users\caspe\Documents\GitHub\Tillampad-grafikprogrammering\Uppgift 7\Source\Application\CommonUtilities\MouseInput.cpp(63,25): warning C4244: '=': conversion from 'LONG' to '_Ty', possible loss of data
          with
          [
              _Ty=float
          ]
  Random.cpp
  Timer.cpp
C:\Users\caspe\Documents\GitHub\Tillampad-grafikprogrammering\Uppgift 7\Source\Application\CommonUtilities\Timer.cpp(24,19): warning C4244: 'initializing': conversion from '_Rep' to 'float', possible loss of data
          with
          [
              _Rep=__int64
          ]
C:\Users\caspe\Documents\GitHub\Tillampad-grafikprogrammering\Uppgift 7\Source\Application\CommonUtilities\Timer.cpp(37,20): warning C4244: 'initializing': conversion from '_Rep' to 'double', possible loss of data
          with
          [
              _Rep=__int64
          ]
  Generating Code...
  CommonUtilities.vcxproj -> C:\Users\caspe\Documents\GitHub\Tillampad-grafikprogrammering\Uppgift 7\Source\Application\Lib\CommonUtilities_Debug.lib
