  CCamera.cpp
C:\Users\casper.martensson\Documents\GitHub\Tillampad-grafikprogrammering\Uppgift 3\Source\Application\CommonUtilities\Matrix4x4.hpp(271,32): warning C4244: '=': conversion from 'double' to 'T', possible loss of data
          with
          [
              T=float
          ]
C:\Users\casper.martensson\Documents\GitHub\Tillampad-grafikprogrammering\Uppgift 3\Source\Application\CommonUtilities\Matrix4x4.hpp(268): message : while compiling class template member function 'CommonUtilities::Matrix4x4<float> CommonUtilities::Matrix4x4<float>::CreateRotationAroundX(T)'
          with
          [
              T=float
          ]
C:\Users\casper.martensson\Documents\GitHub\Tillampad-grafikprogrammering\Uppgift 3\Source\Application\CommonUtilities\Matrix4x4.hpp(404): message : see reference to function template instantiation 'CommonUtilities::Matrix4x4<float> CommonUtilities::Matrix4x4<float>::CreateRotationAroundX(T)' being compiled
          with
          [
              T=float
          ]
C:\Users\casper.martensson\Documents\GitHub\Tillampad-grafikprogrammering\Uppgift 3\Source\Application\CommonUtilities\Matrix4x4.hpp(59): message : while compiling class template member function 'CommonUtilities::Matrix4x4<float>::Matrix4x4(void)'
C:\Users\casper.martensson\Documents\GitHub\Tillampad-grafikprogrammering\Uppgift 3\Source\Application\Engine\CCamera.cpp(5): message : see reference to function template instantiation 'CommonUtilities::Matrix4x4<float>::Matrix4x4(void)' being compiled
C:\Users\casper.martensson\Documents\GitHub\Tillampad-grafikprogrammering\Uppgift 3\Source\Application\Engine\CCamera.h(22): message : see reference to class template instantiation 'CommonUtilities::Matrix4x4<float>' being compiled
C:\Users\casper.martensson\Documents\GitHub\Tillampad-grafikprogrammering\Uppgift 3\Source\Application\CommonUtilities\Matrix4x4.hpp(272,32): warning C4244: '=': conversion from 'double' to 'T', possible loss of data
          with
          [
              T=float
          ]
C:\Users\casper.martensson\Documents\GitHub\Tillampad-grafikprogrammering\Uppgift 3\Source\Application\CommonUtilities\Matrix4x4.hpp(273,29): warning C4244: '=': conversion from 'double' to 'T', possible loss of data
          with
          [
              T=float
          ]
C:\Users\casper.martensson\Documents\GitHub\Tillampad-grafikprogrammering\Uppgift 3\Source\Application\CommonUtilities\Matrix4x4.hpp(274,33): warning C4244: '=': conversion from 'double' to 'T', possible loss of data
          with
          [
              T=float
          ]
C:\Users\casper.martensson\Documents\GitHub\Tillampad-grafikprogrammering\Uppgift 3\Source\Application\CommonUtilities\Matrix4x4.hpp(284,32): warning C4244: '=': conversion from 'double' to 'T', possible loss of data
          with
          [
              T=float
          ]
C:\Users\casper.martensson\Documents\GitHub\Tillampad-grafikprogrammering\Uppgift 3\Source\Application\CommonUtilities\Matrix4x4.hpp(281): message : while compiling class template member function 'CommonUtilities::Matrix4x4<float> CommonUtilities::Matrix4x4<float>::CreateRotationAroundY(T)'
          with
          [
              T=float
          ]
C:\Users\casper.martensson\Documents\GitHub\Tillampad-grafikprogrammering\Uppgift 3\Source\Application\CommonUtilities\Matrix4x4.hpp(405): message : see reference to function template instantiation 'CommonUtilities::Matrix4x4<float> CommonUtilities::Matrix4x4<float>::CreateRotationAroundY(T)' being compiled
          with
          [
              T=float
          ]
C:\Users\casper.martensson\Documents\GitHub\Tillampad-grafikprogrammering\Uppgift 3\Source\Application\CommonUtilities\Matrix4x4.hpp(285,29): warning C4244: '=': conversion from 'double' to 'T', possible loss of data
          with
          [
              T=float
          ]
C:\Users\casper.martensson\Documents\GitHub\Tillampad-grafikprogrammering\Uppgift 3\Source\Application\CommonUtilities\Matrix4x4.hpp(286,32): warning C4244: '=': conversion from 'double' to 'T', possible loss of data
          with
          [
              T=float
          ]
C:\Users\casper.martensson\Documents\GitHub\Tillampad-grafikprogrammering\Uppgift 3\Source\Application\CommonUtilities\Matrix4x4.hpp(287,33): warning C4244: '=': conversion from 'double' to 'T', possible loss of data
          with
          [
              T=float
          ]
C:\Users\casper.martensson\Documents\GitHub\Tillampad-grafikprogrammering\Uppgift 3\Source\Application\CommonUtilities\Matrix4x4.hpp(297,32): warning C4244: '=': conversion from 'double' to 'T', possible loss of data
          with
          [
              T=float
          ]
C:\Users\casper.martensson\Documents\GitHub\Tillampad-grafikprogrammering\Uppgift 3\Source\Application\CommonUtilities\Matrix4x4.hpp(294): message : while compiling class template member function 'CommonUtilities::Matrix4x4<float> CommonUtilities::Matrix4x4<float>::CreateRotationAroundZ(T)'
          with
          [
              T=float
          ]
C:\Users\casper.martensson\Documents\GitHub\Tillampad-grafikprogrammering\Uppgift 3\Source\Application\CommonUtilities\Matrix4x4.hpp(406): message : see reference to function template instantiation 'CommonUtilities::Matrix4x4<float> CommonUtilities::Matrix4x4<float>::CreateRotationAroundZ(T)' being compiled
          with
          [
              T=float
          ]
C:\Users\casper.martensson\Documents\GitHub\Tillampad-grafikprogrammering\Uppgift 3\Source\Application\CommonUtilities\Matrix4x4.hpp(298,32): warning C4244: '=': conversion from 'double' to 'T', possible loss of data
          with
          [
              T=float
          ]
C:\Users\casper.martensson\Documents\GitHub\Tillampad-grafikprogrammering\Uppgift 3\Source\Application\CommonUtilities\Matrix4x4.hpp(299,29): warning C4244: '=': conversion from 'double' to 'T', possible loss of data
          with
          [
              T=float
          ]
C:\Users\casper.martensson\Documents\GitHub\Tillampad-grafikprogrammering\Uppgift 3\Source\Application\CommonUtilities\Matrix4x4.hpp(300,32): warning C4244: '=': conversion from 'double' to 'T', possible loss of data
          with
          [
              T=float
          ]
  CCameraFactory.cpp
C:\Users\casper.martensson\Documents\GitHub\Tillampad-grafikprogrammering\Uppgift 3\Source\Application\Engine\CCameraFactory.cpp(18,60): warning C4244: 'argument': conversion from 'int' to 'const T', possible loss of data
          with
          [
              T=float
          ]
C:\Users\casper.martensson\Documents\GitHub\Tillampad-grafikprogrammering\Uppgift 3\Source\Application\Engine\CCameraFactory.cpp(18,53): warning C4244: 'argument': conversion from 'int' to 'const T', possible loss of data
          with
          [
              T=float
          ]
  CDirectX11Framework.cpp
  CForwardRenderer.cpp
  CModelFactory.cpp
  CModelInstance.cpp
C:\Users\casper.martensson\Documents\GitHub\Tillampad-grafikprogrammering\Uppgift 3\Source\Application\CommonUtilities\Matrix4x4.hpp(271,32): warning C4244: '=': conversion from 'double' to 'T', possible loss of data
          with
          [
              T=float
          ]
C:\Users\casper.martensson\Documents\GitHub\Tillampad-grafikprogrammering\Uppgift 3\Source\Application\CommonUtilities\Matrix4x4.hpp(268): message : while compiling class template member function 'CommonUtilities::Matrix4x4<float> CommonUtilities::Matrix4x4<float>::CreateRotationAroundX(T)'
          with
          [
              T=float
          ]
C:\Users\casper.martensson\Documents\GitHub\Tillampad-grafikprogrammering\Uppgift 3\Source\Application\CommonUtilities\Matrix4x4.hpp(404): message : see reference to function template instantiation 'CommonUtilities::Matrix4x4<float> CommonUtilities::Matrix4x4<float>::CreateRotationAroundX(T)' being compiled
          with
          [
              T=float
          ]
C:\Users\casper.martensson\Documents\GitHub\Tillampad-grafikprogrammering\Uppgift 3\Source\Application\CommonUtilities\Matrix4x4.hpp(59): message : while compiling class template member function 'CommonUtilities::Matrix4x4<float>::Matrix4x4(void)'
C:\Users\casper.martensson\Documents\GitHub\Tillampad-grafikprogrammering\Uppgift 3\Source\Application\Engine\CModelInstance.cpp(4): message : see reference to function template instantiation 'CommonUtilities::Matrix4x4<float>::Matrix4x4(void)' being compiled
C:\Users\casper.martensson\Documents\GitHub\Tillampad-grafikprogrammering\Uppgift 3\Source\Application\Engine\CModelInstance.h(22): message : see reference to class template instantiation 'CommonUtilities::Matrix4x4<float>' being compiled
C:\Users\casper.martensson\Documents\GitHub\Tillampad-grafikprogrammering\Uppgift 3\Source\Application\CommonUtilities\Matrix4x4.hpp(272,32): warning C4244: '=': conversion from 'double' to 'T', possible loss of data
          with
          [
              T=float
          ]
C:\Users\casper.martensson\Documents\GitHub\Tillampad-grafikprogrammering\Uppgift 3\Source\Application\CommonUtilities\Matrix4x4.hpp(273,29): warning C4244: '=': conversion from 'double' to 'T', possible loss of data
          with
          [
              T=float
          ]
C:\Users\casper.martensson\Documents\GitHub\Tillampad-grafikprogrammering\Uppgift 3\Source\Application\CommonUtilities\Matrix4x4.hpp(274,33): warning C4244: '=': conversion from 'double' to 'T', possible loss of data
          with
          [
              T=float
          ]
C:\Users\casper.martensson\Documents\GitHub\Tillampad-grafikprogrammering\Uppgift 3\Source\Application\CommonUtilities\Matrix4x4.hpp(284,32): warning C4244: '=': conversion from 'double' to 'T', possible loss of data
          with
          [
              T=float
          ]
C:\Users\casper.martensson\Documents\GitHub\Tillampad-grafikprogrammering\Uppgift 3\Source\Application\CommonUtilities\Matrix4x4.hpp(281): message : while compiling class template member function 'CommonUtilities::Matrix4x4<float> CommonUtilities::Matrix4x4<float>::CreateRotationAroundY(T)'
          with
          [
              T=float
          ]
C:\Users\casper.martensson\Documents\GitHub\Tillampad-grafikprogrammering\Uppgift 3\Source\Application\CommonUtilities\Matrix4x4.hpp(405): message : see reference to function template instantiation 'CommonUtilities::Matrix4x4<float> CommonUtilities::Matrix4x4<float>::CreateRotationAroundY(T)' being compiled
          with
          [
              T=float
          ]
C:\Users\casper.martensson\Documents\GitHub\Tillampad-grafikprogrammering\Uppgift 3\Source\Application\CommonUtilities\Matrix4x4.hpp(285,29): warning C4244: '=': conversion from 'double' to 'T', possible loss of data
          with
          [
              T=float
          ]
C:\Users\casper.martensson\Documents\GitHub\Tillampad-grafikprogrammering\Uppgift 3\Source\Application\CommonUtilities\Matrix4x4.hpp(286,32): warning C4244: '=': conversion from 'double' to 'T', possible loss of data
          with
          [
              T=float
          ]
C:\Users\casper.martensson\Documents\GitHub\Tillampad-grafikprogrammering\Uppgift 3\Source\Application\CommonUtilities\Matrix4x4.hpp(287,33): warning C4244: '=': conversion from 'double' to 'T', possible loss of data
          with
          [
              T=float
          ]
C:\Users\casper.martensson\Documents\GitHub\Tillampad-grafikprogrammering\Uppgift 3\Source\Application\CommonUtilities\Matrix4x4.hpp(297,32): warning C4244: '=': conversion from 'double' to 'T', possible loss of data
          with
          [
              T=float
          ]
C:\Users\casper.martensson\Documents\GitHub\Tillampad-grafikprogrammering\Uppgift 3\Source\Application\CommonUtilities\Matrix4x4.hpp(294): message : while compiling class template member function 'CommonUtilities::Matrix4x4<float> CommonUtilities::Matrix4x4<float>::CreateRotationAroundZ(T)'
          with
          [
              T=float
          ]
C:\Users\casper.martensson\Documents\GitHub\Tillampad-grafikprogrammering\Uppgift 3\Source\Application\CommonUtilities\Matrix4x4.hpp(406): message : see reference to function template instantiation 'CommonUtilities::Matrix4x4<float> CommonUtilities::Matrix4x4<float>::CreateRotationAroundZ(T)' being compiled
          with
          [
              T=float
          ]
C:\Users\casper.martensson\Documents\GitHub\Tillampad-grafikprogrammering\Uppgift 3\Source\Application\CommonUtilities\Matrix4x4.hpp(298,32): warning C4244: '=': conversion from 'double' to 'T', possible loss of data
          with
          [
              T=float
          ]
C:\Users\casper.martensson\Documents\GitHub\Tillampad-grafikprogrammering\Uppgift 3\Source\Application\CommonUtilities\Matrix4x4.hpp(299,29): warning C4244: '=': conversion from 'double' to 'T', possible loss of data
          with
          [
              T=float
          ]
C:\Users\casper.martensson\Documents\GitHub\Tillampad-grafikprogrammering\Uppgift 3\Source\Application\CommonUtilities\Matrix4x4.hpp(300,32): warning C4244: '=': conversion from 'double' to 'T', possible loss of data
          with
          [
              T=float
          ]
  CScene.cpp
C:\Users\casper.martensson\Documents\GitHub\Tillampad-grafikprogrammering\Uppgift 3\Source\Application\Engine\CScene.cpp(23,58): warning C4100: 'aCamera': unreferenced formal parameter
  CWindowHandler.cpp
  Engine.cpp
  CModel.cpp
  Generating Code...
  Engine.vcxproj -> C:\Users\casper.martensson\Documents\GitHub\Tillampad-grafikprogrammering\Uppgift 3\Source\Application\Lib\Engine_Debug.lib
