  InputHandler.cpp
  KeyBoardInputs.cpp
C:\Users\casper.martensson\Documents\GitHub\Tillampad-grafikprogrammering\Uppgift 4\Source\Application\CommonUtilities\KeyBoardInputs.cpp(5,24): warning C4244: 'argument': conversion from 'WPARAM' to 'int', possible loss of data
  MouseInput.cpp
C:\Users\casper.martensson\Documents\GitHub\Tillampad-grafikprogrammering\Uppgift 4\Source\Application\CommonUtilities\MouseInput.cpp(62,25): warning C4244: '=': conversion from 'LONG' to '_Ty', possible loss of data
          with
          [
              _Ty=float
          ]
C:\Users\casper.martensson\Documents\GitHub\Tillampad-grafikprogrammering\Uppgift 4\Source\Application\CommonUtilities\MouseInput.cpp(63,25): warning C4244: '=': conversion from 'LONG' to '_Ty', possible loss of data
          with
          [
              _Ty=float
          ]
  Random.cpp
  Timer.cpp
C:\Users\casper.martensson\Documents\GitHub\Tillampad-grafikprogrammering\Uppgift 4\Source\Application\CommonUtilities\Timer.cpp(24,19): warning C4244: 'initializing': conversion from '_Rep' to 'float', possible loss of data
          with
          [
              _Rep=__int64
          ]
C:\Users\casper.martensson\Documents\GitHub\Tillampad-grafikprogrammering\Uppgift 4\Source\Application\CommonUtilities\Timer.cpp(37,20): warning C4244: 'initializing': conversion from '_Rep' to 'double', possible loss of data
          with
          [
              _Rep=__int64
          ]
  CommonUtilities.vcxproj -> C:\Users\casper.martensson\Documents\GitHub\Tillampad-grafikprogrammering\Uppgift 4\Source\Application\x64\Release\CommonUtilities.lib
